TN:
SF:/home/ion/getninjas/media-query-js/src/media-query.js
FN:6,(anonymous_0)
FN:13,(anonymous_1)
FN:22,(anonymous_2)
FN:26,(anonymous_3)
FN:30,(anonymous_4)
FN:34,(anonymous_5)
FN:38,(anonymous_6)
FN:42,(anonymous_7)
FNF:8
FNH:8
FNDA:2,(anonymous_0)
FNDA:15,(anonymous_1)
FNDA:1,(anonymous_2)
FNDA:2,(anonymous_3)
FNDA:2,(anonymous_4)
FNDA:2,(anonymous_5)
FNDA:1,(anonymous_6)
FNDA:1,(anonymous_7)
DA:1,1
DA:7,2
DA:8,2
DA:10,2
DA:14,15
DA:19,15
DA:23,1
DA:27,2
DA:31,2
DA:35,2
DA:39,1
DA:43,1
LF:12
LH:12
BRDA:39,0,0,1
BRDA:39,0,1,1
BRDA:43,1,0,1
BRDA:43,1,1,0
BRF:4
BRH:3
end_of_record
